2025-12-03 07:58:05,409 - INFO - ========== Configuration ==========
2025-12-03 07:58:05,409 - INFO - data_path: ['./datasets/simglucose/Simulation_OpenAPS_training_normal_scenario1', './datasets/simglucose/Simulation_OpenAPS_training_normal_scenario2']
2025-12-03 07:58:05,409 - INFO - model_path: logs/train/RNN_20251113_1904/model.pt
2025-12-03 07:58:05,409 - INFO - mode: train
2025-12-03 07:58:05,409 - INFO - testbed: simglucose
2025-12-03 07:58:05,409 - INFO - method: LSTM
2025-12-03 07:58:05,410 - INFO - log_dir: logs/
2025-12-03 07:58:05,410 - INFO - log_tag: 20251203_0758
2025-12-03 07:58:05,410 - INFO - tolerance_window: 48
2025-12-03 07:58:05,410 - INFO - batch_size: 64
2025-12-03 07:58:05,410 - INFO - bg_target: 140
2025-12-03 07:58:05,410 - INFO - window_size: 277
2025-12-03 07:58:05,410 - INFO - stride: 6
2025-12-03 07:58:05,410 - INFO - Selected device: cuda
2025-12-03 07:58:05,410 - INFO - ===================================
2025-12-03 07:58:05,410 - INFO - Starting anomaly detection pipeline...
2025-12-03 07:58:05,410 - INFO - Reading data from: ['./datasets/simglucose/Simulation_OpenAPS_training_normal_scenario1', './datasets/simglucose/Simulation_OpenAPS_training_normal_scenario2']
2025-12-03 07:58:36,722 - INFO - Train dataset contains 134432 samples.
2025-12-03 07:58:36,725 - INFO - Time series values are 32-bits; casting model to float32.
2025-12-03 08:02:41,287 - INFO - Model saved to logs/train/LSTM_20251203_0758/model.pt
