2025-12-03 06:40:18,542 - INFO - ========== Configuration ==========
2025-12-03 06:40:18,542 - INFO - data_path: ['./datasets/simglucose/Simulation_OpenAPS_training_normal_scenario1', './datasets/simglucose/Simulation_OpenAPS_training_normal_scenario2']
2025-12-03 06:40:18,542 - INFO - model_path: logs/train/RNN_20251113_1904/model.pt
2025-12-03 06:40:18,542 - INFO - mode: train
2025-12-03 06:40:18,542 - INFO - testbed: simglucose
2025-12-03 06:40:18,542 - INFO - method: LSTM
2025-12-03 06:40:18,542 - INFO - log_dir: logs/
2025-12-03 06:40:18,542 - INFO - log_tag: 20251203_0640
2025-12-03 06:40:18,542 - INFO - tolerance_window: 48
2025-12-03 06:40:18,542 - INFO - batch_size: 64
2025-12-03 06:40:18,542 - INFO - bg_target: 140
2025-12-03 06:40:18,542 - INFO - window_size: 150
2025-12-03 06:40:18,542 - INFO - stride: 6
2025-12-03 06:40:18,542 - INFO - Selected device: cuda
2025-12-03 06:40:18,542 - INFO - ===================================
2025-12-03 06:40:18,542 - INFO - Starting anomaly detection pipeline...
2025-12-03 06:40:18,542 - INFO - Reading data from: ['./datasets/simglucose/Simulation_OpenAPS_training_normal_scenario1', './datasets/simglucose/Simulation_OpenAPS_training_normal_scenario2']
2025-12-03 06:40:49,672 - INFO - Train dataset contains 132512 samples.
2025-12-03 06:40:49,676 - INFO - Time series values are 32-bits; casting model to float32.
2025-12-03 06:44:06,463 - INFO - Model saved to logs/train/LSTM_20251203_0640/model.pt
