2025-12-03 07:38:13,740 - INFO - ========== Configuration ==========
2025-12-03 07:38:13,740 - INFO - data_path: ['./datasets/simglucose/Simulation_OpenAPS_training_normal_scenario1', './datasets/simglucose/Simulation_OpenAPS_training_normal_scenario2']
2025-12-03 07:38:13,740 - INFO - model_path: logs/train/RNN_20251113_1904/model.pt
2025-12-03 07:38:13,740 - INFO - mode: train
2025-12-03 07:38:13,740 - INFO - testbed: simglucose
2025-12-03 07:38:13,740 - INFO - method: LSTM
2025-12-03 07:38:13,740 - INFO - log_dir: logs/
2025-12-03 07:38:13,740 - INFO - log_tag: 20251203_0738
2025-12-03 07:38:13,740 - INFO - tolerance_window: 48
2025-12-03 07:38:13,740 - INFO - batch_size: 64
2025-12-03 07:38:13,740 - INFO - bg_target: 140
2025-12-03 07:38:13,740 - INFO - window_size: 277
2025-12-03 07:38:13,740 - INFO - stride: 6
2025-12-03 07:38:13,740 - INFO - Selected device: cuda
2025-12-03 07:38:13,740 - INFO - ===================================
2025-12-03 07:38:13,740 - INFO - Starting anomaly detection pipeline...
2025-12-03 07:38:13,741 - INFO - Reading data from: ['./datasets/simglucose/Simulation_OpenAPS_training_normal_scenario1', './datasets/simglucose/Simulation_OpenAPS_training_normal_scenario2']
2025-12-03 07:38:45,818 - INFO - Train dataset contains 137120 samples.
2025-12-03 07:38:45,820 - INFO - Time series values are 32-bits; casting model to float32.
2025-12-03 07:41:33,286 - INFO - Model saved to logs/train/LSTM_20251203_0738/model.pt
