2025-12-03 11:45:02,652 - INFO - ========== Configuration ==========
2025-12-03 11:45:02,652 - INFO - data_path: ['./datasets/simglucose/Simulation_OpenAPS_training_normal_scenario1', './datasets/simglucose/Simulation_OpenAPS_training_normal_scenario2']
2025-12-03 11:45:02,652 - INFO - model_path: logs/train/RNN_20251113_1904/model.pt
2025-12-03 11:45:02,652 - INFO - mode: train
2025-12-03 11:45:02,652 - INFO - testbed: simglucose
2025-12-03 11:45:02,652 - INFO - method: LSTM
2025-12-03 11:45:02,652 - INFO - log_dir: logs/
2025-12-03 11:45:02,652 - INFO - log_tag: 20251203_1145
2025-12-03 11:45:02,652 - INFO - tolerance_window: 48
2025-12-03 11:45:02,652 - INFO - batch_size: 64
2025-12-03 11:45:02,652 - INFO - bg_target: 140
2025-12-03 11:45:02,652 - INFO - window_size: 150
2025-12-03 11:45:02,652 - INFO - stride: 6
2025-12-03 11:45:02,652 - INFO - Selected device: mps
2025-12-03 11:45:02,652 - INFO - ===================================
2025-12-03 11:45:02,652 - INFO - Starting anomaly detection pipeline...
2025-12-03 11:45:02,652 - INFO - Reading data from: ['./datasets/simglucose/Simulation_OpenAPS_training_normal_scenario1', './datasets/simglucose/Simulation_OpenAPS_training_normal_scenario2']
2025-12-03 11:45:32,538 - INFO - Train dataset contains 137120 samples.
2025-12-03 11:45:32,545 - INFO - Time series values are 32-bits; casting model to float32.
2025-12-03 11:51:57,746 - INFO - Model saved to logs/train/LSTM_20251203_1145/model.pt
