2025-12-03 07:29:59,124 - INFO - ========== Configuration ==========
2025-12-03 07:29:59,125 - INFO - data_path: ['./datasets/simglucose/Simulation_OpenAPS_training_normal_scenario1', './datasets/simglucose/Simulation_OpenAPS_training_normal_scenario2']
2025-12-03 07:29:59,125 - INFO - model_path: logs/train/RNN_20251113_1904/model.pt
2025-12-03 07:29:59,125 - INFO - mode: train
2025-12-03 07:29:59,125 - INFO - testbed: simglucose
2025-12-03 07:29:59,125 - INFO - method: LSTM
2025-12-03 07:29:59,125 - INFO - log_dir: logs/
2025-12-03 07:29:59,125 - INFO - log_tag: 20251203_0729
2025-12-03 07:29:59,125 - INFO - tolerance_window: 48
2025-12-03 07:29:59,125 - INFO - batch_size: 64
2025-12-03 07:29:59,125 - INFO - bg_target: 140
2025-12-03 07:29:59,125 - INFO - window_size: 277
2025-12-03 07:29:59,125 - INFO - stride: 6
2025-12-03 07:29:59,125 - INFO - Selected device: cuda
2025-12-03 07:29:59,125 - INFO - ===================================
2025-12-03 07:29:59,125 - INFO - Starting anomaly detection pipeline...
2025-12-03 07:29:59,125 - INFO - Reading data from: ['./datasets/simglucose/Simulation_OpenAPS_training_normal_scenario1', './datasets/simglucose/Simulation_OpenAPS_training_normal_scenario2']
2025-12-03 07:30:30,109 - INFO - Train dataset contains 129408 samples.
2025-12-03 07:30:30,112 - INFO - Time series values are 32-bits; casting model to float32.
2025-12-03 07:33:09,307 - INFO - Model saved to logs/train/LSTM_20251203_0729/model.pt
